[2013-03-19 16:15:32] request.ERROR: Uncaught PHP Exception Symfony\Component\HttpKernel\Exception\NotFoundHttpException: "No route found for "GET /bundles/framework/images/input_bg.gif"" at C:\xampp\htdocs\Tecnico\vendor\symfony\symfony\src\Symfony\Component\HttpKernel\EventListener\RouterListener.php line 94 [] []
[2013-03-19 16:16:31] request.ERROR: Uncaught PHP Exception Symfony\Component\HttpKernel\Exception\NotFoundHttpException: "No route found for "GET /bundles/framework/images/input_bg.gif"" at C:\xampp\htdocs\Tecnico\vendor\symfony\symfony\src\Symfony\Component\HttpKernel\EventListener\RouterListener.php line 94 [] []
[2013-03-19 16:24:00] request.ERROR: Uncaught PHP Exception Symfony\Component\HttpKernel\Exception\NotFoundHttpException: "No route found for "GET /bundles/framework/images/input_bg.gif"" at C:\xampp\htdocs\Tecnico\app\cache\prod\classes.php line 3587 [] []
[2013-03-19 16:24:13] request.ERROR: Uncaught PHP Exception Symfony\Component\HttpKernel\Exception\NotFoundHttpException: "No route found for "GET /bundles/framework/images/input_bg.gif"" at C:\xampp\htdocs\Tecnico\app\cache\prod\classes.php line 3587 [] []
[2013-03-19 16:30:58] request.ERROR: Uncaught PHP Exception Symfony\Component\HttpKernel\Exception\NotFoundHttpException: "No route found for "GET /_wdt/514884b129b01"" at C:\xampp\htdocs\Tecnico\app\cache\prod\classes.php line 3587 [] []
[2013-03-19 16:31:49] request.ERROR: Uncaught PHP Exception Symfony\Component\HttpKernel\Exception\NotFoundHttpException: "No route found for "GET /_wdt/514884e5c0b0f"" at C:\xampp\htdocs\Tecnico\app\cache\prod\classes.php line 3587 [] []
[2013-03-19 16:32:44] request.ERROR: Uncaught PHP Exception Symfony\Component\HttpKernel\Exception\NotFoundHttpException: "No route found for "GET /_wdt/5148851bda6e7"" at C:\xampp\htdocs\Tecnico\app\cache\prod\classes.php line 3587 [] []
[2013-03-19 16:32:45] request.ERROR: Uncaught PHP Exception Symfony\Component\HttpKernel\Exception\NotFoundHttpException: "No route found for "GET /_profiler/5148851bda6e7"" at C:\xampp\htdocs\Tecnico\app\cache\prod\classes.php line 3587 [] []
[2013-03-19 16:32:50] request.ERROR: Uncaught PHP Exception Symfony\Component\HttpKernel\Exception\NotFoundHttpException: "No route found for "GET /_wdt/5148852205dd7"" at C:\xampp\htdocs\Tecnico\app\cache\prod\classes.php line 3587 [] []
[2013-03-19 16:32:51] request.ERROR: Uncaught PHP Exception Symfony\Component\HttpKernel\Exception\NotFoundHttpException: "No route found for "GET /_profiler/5148852205dd7"" at C:\xampp\htdocs\Tecnico\app\cache\prod\classes.php line 3587 [] []
[2013-03-19 16:34:28] request.ERROR: Uncaught PHP Exception Symfony\Component\HttpKernel\Exception\NotFoundHttpException: "No route found for "GET /_wdt/5148858466bab"" at C:\xampp\htdocs\Tecnico\app\cache\prod\classes.php line 3587 [] []
[2013-03-19 16:34:34] request.ERROR: Uncaught PHP Exception Symfony\Component\HttpKernel\Exception\NotFoundHttpException: "No route found for "GET /_wdt/5148858a82e7a"" at C:\xampp\htdocs\Tecnico\app\cache\prod\classes.php line 3587 [] []
[2013-03-19 16:34:36] request.ERROR: Uncaught PHP Exception Symfony\Component\HttpKernel\Exception\NotFoundHttpException: "No route found for "GET /_profiler/5148858a82e7a"" at C:\xampp\htdocs\Tecnico\app\cache\prod\classes.php line 3587 [] []
[2013-03-20 12:53:23] request.ERROR: Uncaught PHP Exception Symfony\Component\HttpKernel\Exception\NotFoundHttpException: "No route found for "GET /_wdt/5149a330eba3f"" at C:\xampp\htdocs\Tecnico\app\cache\prod\classes.php line 3587 [] []
[2013-03-20 13:01:38] request.ERROR: Uncaught PHP Exception Symfony\Component\HttpKernel\Exception\NotFoundHttpException: "No route found for "GET /_wdt/5149a52213360"" at C:\xampp\htdocs\Tecnico\app\cache\prod\classes.php line 3587 [] []
[2013-03-21 13:37:05] request.ERROR: Uncaught PHP Exception Symfony\Component\HttpKernel\Exception\NotFoundHttpException: "No route found for "GET /_wdt/514afeed452e1"" at C:\xampp\htdocs\Tecnico\app\cache\prod\classes.php line 3587 [] []
[2013-03-21 15:15:08] request.ERROR: Uncaught PHP Exception Symfony\Component\HttpKernel\Exception\NotFoundHttpException: "No route found for "GET /_wdt/514b15ec57749"" at C:\xampp\htdocs\Tecnico\app\cache\prod\classes.php line 3587 [] []
[2013-03-22 12:29:52] request.ERROR: Uncaught PHP Exception Symfony\Component\HttpKernel\Exception\NotFoundHttpException: "No route found for "GET /_wdt/514c40ae3e392"" at C:\xampp\htdocs\Tecnico\app\cache\prod\classes.php line 3587 [] []
[2013-03-22 12:30:37] request.ERROR: Uncaught PHP Exception Symfony\Component\HttpKernel\Exception\NotFoundHttpException: "No route found for "GET /ficha"" at C:\xampp\htdocs\Tecnico\app\cache\prod\classes.php line 3587 [] []
[2013-03-22 15:00:25] request.ERROR: Uncaught PHP Exception Symfony\Component\HttpKernel\Exception\NotFoundHttpException: "No route found for "GET /_wdt/514c63f956bf5"" at C:\xampp\htdocs\Tecnico\app\cache\prod\classes.php line 3587 [] []
